<?xml version="1.0" encoding="UTF-8"?>
<testng-results skipped="0" failed="0" total="6" passed="6">
  <reporter-output>
  </reporter-output>
  <suite name="Suite" duration-ms="43144" started-at="2015-09-10T15:31:52Z" finished-at="2015-09-10T15:32:36Z">
    <groups>
    </groups>
    <test name="Run on IE" duration-ms="8351" started-at="2015-09-10T15:31:52Z" finished-at="2015-09-10T15:32:01Z">
      <class name="firstSample.ThreadLocalDemo">
        <test-method status="PASS" signature="testMethod2(java.lang.String)[pri:0, instance:firstSample.ThreadLocalDemo@1c2c22f3]" name="testMethod2" duration-ms="7149" started-at="2015-09-10T17:31:52Z" finished-at="2015-09-10T17:32:00Z">
          <params>
            <param index="0">
              <value>
                <![CDATA[IE]]>
              </value>
            </param>
          </params>
          <reporter-output>
          </reporter-output>
        </test-method> <!-- testMethod2 -->
        <test-method status="PASS" signature="testMethod1(java.lang.String)[pri:0, instance:firstSample.ThreadLocalDemo@1c2c22f3]" name="testMethod1" duration-ms="3229" started-at="2015-09-10T17:31:52Z" finished-at="2015-09-10T17:31:56Z">
          <params>
            <param index="0">
              <value>
                <![CDATA[IE]]>
              </value>
            </param>
          </params>
          <reporter-output>
          </reporter-output>
        </test-method> <!-- testMethod1 -->
      </class> <!-- firstSample.ThreadLocalDemo -->
    </test> <!-- Run on IE -->
    <test name="Run on Firefox" duration-ms="17649" started-at="2015-09-10T15:32:01Z" finished-at="2015-09-10T15:32:18Z">
      <class name="firstSample.ThreadLocalDemo">
        <test-method status="PASS" signature="testMethod1(java.lang.String)[pri:0, instance:firstSample.ThreadLocalDemo@f5f2bb7]" name="testMethod1" duration-ms="13904" started-at="2015-09-10T17:32:01Z" finished-at="2015-09-10T17:32:15Z">
          <params>
            <param index="0">
              <value>
                <![CDATA[FF]]>
              </value>
            </param>
          </params>
          <reporter-output>
          </reporter-output>
        </test-method> <!-- testMethod1 -->
        <test-method status="PASS" signature="testMethod2(java.lang.String)[pri:0, instance:firstSample.ThreadLocalDemo@f5f2bb7]" name="testMethod2" duration-ms="17274" started-at="2015-09-10T17:32:01Z" finished-at="2015-09-10T17:32:18Z">
          <params>
            <param index="0">
              <value>
                <![CDATA[FF]]>
              </value>
            </param>
          </params>
          <reporter-output>
          </reporter-output>
        </test-method> <!-- testMethod2 -->
      </class> <!-- firstSample.ThreadLocalDemo -->
    </test> <!-- Run on Firefox -->
    <test name="Run on Chrome" duration-ms="17107" started-at="2015-09-10T15:32:18Z" finished-at="2015-09-10T15:32:36Z">
      <class name="firstSample.ThreadLocalDemo">
        <test-method status="PASS" signature="testMethod1(java.lang.String)[pri:0, instance:firstSample.ThreadLocalDemo@326de728]" name="testMethod1" duration-ms="15723" started-at="2015-09-10T17:32:18Z" finished-at="2015-09-10T17:32:34Z">
          <params>
            <param index="0">
              <value>
                <![CDATA[GC]]>
              </value>
            </param>
          </params>
          <reporter-output>
          </reporter-output>
        </test-method> <!-- testMethod1 -->
        <test-method status="PASS" signature="testMethod2(java.lang.String)[pri:0, instance:firstSample.ThreadLocalDemo@326de728]" name="testMethod2" duration-ms="13728" started-at="2015-09-10T17:32:18Z" finished-at="2015-09-10T17:32:32Z">
          <params>
            <param index="0">
              <value>
                <![CDATA[GC]]>
              </value>
            </param>
          </params>
          <reporter-output>
          </reporter-output>
        </test-method> <!-- testMethod2 -->
      </class> <!-- firstSample.ThreadLocalDemo -->
    </test> <!-- Run on Chrome -->
  </suite> <!-- Suite -->
</testng-results>
